0 info it worked if it ends with ok
1 verbose cli [ '/Users/ritch/.nvm/v0.10.9/bin/node',
1 verbose cli   '/Users/ritch/.nvm/v0.10.9/bin/npm',
1 verbose cli   'shrinkwrap' ]
2 info using npm@1.2.24
3 info using node@v0.10.9
4 verbose read json /Users/ritch/Desktop/loopback-talks/hello-world/package.json
5 warn package.json hello-world@0.0.0 No repository field.
6 verbose read json /Users/ritch/Desktop/loopback-talks/hello-world/node_modules/express/package.json
7 verbose read json /Users/ritch/Desktop/loopback-talks/hello-world/node_modules/loopback/package.json
8 verbose read json /Users/ritch/Desktop/loopback-talks/hello-world/node_modules/express/node_modules/buffer-crc32/package.json
9 verbose read json /Users/ritch/Desktop/loopback-talks/hello-world/node_modules/express/node_modules/commander/package.json
10 verbose read json /Users/ritch/Desktop/loopback-talks/hello-world/node_modules/express/node_modules/connect/package.json
11 verbose read json /Users/ritch/Desktop/loopback-talks/hello-world/node_modules/express/node_modules/cookie/package.json
12 verbose read json /Users/ritch/Desktop/loopback-talks/hello-world/node_modules/express/node_modules/cookie-signature/package.json
13 verbose read json /Users/ritch/Desktop/loopback-talks/hello-world/node_modules/express/node_modules/debug/package.json
14 verbose read json /Users/ritch/Desktop/loopback-talks/hello-world/node_modules/express/node_modules/fresh/package.json
15 verbose read json /Users/ritch/Desktop/loopback-talks/hello-world/node_modules/express/node_modules/methods/package.json
16 verbose read json /Users/ritch/Desktop/loopback-talks/hello-world/node_modules/express/node_modules/mkdirp/package.json
17 verbose read json /Users/ritch/Desktop/loopback-talks/hello-world/node_modules/express/node_modules/range-parser/package.json
18 verbose read json /Users/ritch/Desktop/loopback-talks/hello-world/node_modules/express/node_modules/send/package.json
19 warn package.json methods@0.0.1 No repository field.
20 warn package.json range-parser@0.0.4 No repository field.
21 warn package.json cookie-signature@1.0.1 No repository field.
22 verbose read json /Users/ritch/Desktop/loopback-talks/hello-world/node_modules/loopback/node_modules/bcrypt/package.json
23 verbose read json /Users/ritch/Desktop/loopback-talks/hello-world/node_modules/loopback/node_modules/bcryptjs/package.json
24 verbose read json /Users/ritch/Desktop/loopback-talks/hello-world/node_modules/loopback/node_modules/blanket/package.json
25 verbose read json /Users/ritch/Desktop/loopback-talks/hello-world/node_modules/loopback/node_modules/debug/package.json
26 verbose read json /Users/ritch/Desktop/loopback-talks/hello-world/node_modules/loopback/node_modules/ejs/package.json
27 verbose read json /Users/ritch/Desktop/loopback-talks/hello-world/node_modules/loopback/node_modules/express/package.json
28 verbose read json /Users/ritch/Desktop/loopback-talks/hello-world/node_modules/loopback/node_modules/inflection/package.json
29 verbose read json /Users/ritch/Desktop/loopback-talks/hello-world/node_modules/loopback/node_modules/loopback/package.json
30 verbose read json /Users/ritch/Desktop/loopback-talks/hello-world/node_modules/loopback/node_modules/loopback-datasource-juggler/package.json
31 verbose read json /Users/ritch/Desktop/loopback-talks/hello-world/node_modules/loopback/node_modules/mocha/package.json
32 verbose read json /Users/ritch/Desktop/loopback-talks/hello-world/node_modules/loopback/node_modules/nodemailer/package.json
33 verbose read json /Users/ritch/Desktop/loopback-talks/hello-world/node_modules/loopback/node_modules/passport/package.json
34 verbose read json /Users/ritch/Desktop/loopback-talks/hello-world/node_modules/loopback/node_modules/passport-local/package.json
35 verbose read json /Users/ritch/Desktop/loopback-talks/hello-world/node_modules/loopback/node_modules/sl-task-emitter/package.json
36 verbose read json /Users/ritch/Desktop/loopback-talks/hello-world/node_modules/loopback/node_modules/strong-remoting/package.json
37 verbose read json /Users/ritch/Desktop/loopback-talks/hello-world/node_modules/loopback/node_modules/strong-task-emitter/package.json
38 verbose read json /Users/ritch/Desktop/loopback-talks/hello-world/node_modules/loopback/node_modules/supertest/package.json
39 verbose read json /Users/ritch/Desktop/loopback-talks/hello-world/node_modules/express/node_modules/connect/node_modules/bytes/package.json
40 verbose read json /Users/ritch/Desktop/loopback-talks/hello-world/node_modules/express/node_modules/connect/node_modules/multiparty/package.json
41 verbose read json /Users/ritch/Desktop/loopback-talks/hello-world/node_modules/express/node_modules/connect/node_modules/pause/package.json
42 verbose read json /Users/ritch/Desktop/loopback-talks/hello-world/node_modules/express/node_modules/connect/node_modules/qs/package.json
43 verbose read json /Users/ritch/Desktop/loopback-talks/hello-world/node_modules/express/node_modules/connect/node_modules/uid2/package.json
44 verbose read json /Users/ritch/Desktop/loopback-talks/hello-world/node_modules/express/node_modules/send/node_modules/mime/package.json
45 warn package.json strong-remoting@1.0.0 No repository field.
46 warn package.json supertest@0.7.1 No repository field.
47 warn package.json bytes@0.2.0 No repository field.
48 warn package.json pause@0.0.1 No repository field.
49 warn package.json uid2@0.0.2 No repository field.
50 verbose read json /Users/ritch/Desktop/loopback-talks/hello-world/node_modules/express/node_modules/connect/node_modules/multiparty/node_modules/readable-stream/package.json
51 verbose read json /Users/ritch/Desktop/loopback-talks/hello-world/node_modules/express/node_modules/connect/node_modules/multiparty/node_modules/stream-counter/package.json
52 verbose read json /Users/ritch/Desktop/loopback-talks/hello-world/node_modules/loopback/node_modules/bcrypt/node_modules/bindings/package.json
53 verbose read json /Users/ritch/Desktop/loopback-talks/hello-world/node_modules/loopback/node_modules/blanket/node_modules/esprima/package.json
54 verbose read json /Users/ritch/Desktop/loopback-talks/hello-world/node_modules/loopback/node_modules/blanket/node_modules/falafel/package.json
55 verbose read json /Users/ritch/Desktop/loopback-talks/hello-world/node_modules/loopback/node_modules/blanket/node_modules/xtend/package.json
56 verbose read json /Users/ritch/Desktop/loopback-talks/hello-world/node_modules/loopback/node_modules/express/node_modules/buffer-crc32/package.json
57 verbose read json /Users/ritch/Desktop/loopback-talks/hello-world/node_modules/loopback/node_modules/express/node_modules/commander/package.json
58 verbose read json /Users/ritch/Desktop/loopback-talks/hello-world/node_modules/loopback/node_modules/express/node_modules/connect/package.json
59 verbose read json /Users/ritch/Desktop/loopback-talks/hello-world/node_modules/loopback/node_modules/express/node_modules/cookie/package.json
60 verbose read json /Users/ritch/Desktop/loopback-talks/hello-world/node_modules/loopback/node_modules/express/node_modules/cookie-signature/package.json
61 verbose read json /Users/ritch/Desktop/loopback-talks/hello-world/node_modules/loopback/node_modules/express/node_modules/fresh/package.json
62 verbose read json /Users/ritch/Desktop/loopback-talks/hello-world/node_modules/loopback/node_modules/express/node_modules/methods/package.json
63 verbose read json /Users/ritch/Desktop/loopback-talks/hello-world/node_modules/loopback/node_modules/express/node_modules/mkdirp/package.json
64 verbose read json /Users/ritch/Desktop/loopback-talks/hello-world/node_modules/loopback/node_modules/express/node_modules/range-parser/package.json
65 verbose read json /Users/ritch/Desktop/loopback-talks/hello-world/node_modules/loopback/node_modules/express/node_modules/send/package.json
66 verbose read json /Users/ritch/Desktop/loopback-talks/hello-world/node_modules/loopback/node_modules/mocha/node_modules/commander/package.json
67 verbose read json /Users/ritch/Desktop/loopback-talks/hello-world/node_modules/loopback/node_modules/mocha/node_modules/diff/package.json
68 verbose read json /Users/ritch/Desktop/loopback-talks/hello-world/node_modules/loopback/node_modules/mocha/node_modules/glob/package.json
69 verbose read json /Users/ritch/Desktop/loopback-talks/hello-world/node_modules/loopback/node_modules/mocha/node_modules/growl/package.json
70 verbose read json /Users/ritch/Desktop/loopback-talks/hello-world/node_modules/loopback/node_modules/mocha/node_modules/jade/package.json
71 verbose read json /Users/ritch/Desktop/loopback-talks/hello-world/node_modules/loopback/node_modules/mocha/node_modules/mkdirp/package.json
72 verbose read json /Users/ritch/Desktop/loopback-talks/hello-world/node_modules/loopback/node_modules/passport/node_modules/pause/package.json
73 verbose read json /Users/ritch/Desktop/loopback-talks/hello-world/node_modules/loopback/node_modules/passport/node_modules/pkginfo/package.json
74 verbose read json /Users/ritch/Desktop/loopback-talks/hello-world/node_modules/loopback/node_modules/nodemailer/node_modules/mailcomposer/package.json
75 verbose read json /Users/ritch/Desktop/loopback-talks/hello-world/node_modules/loopback/node_modules/nodemailer/node_modules/simplesmtp/package.json
76 verbose read json /Users/ritch/Desktop/loopback-talks/hello-world/node_modules/loopback/node_modules/passport-local/node_modules/pkginfo/package.json
77 verbose read json /Users/ritch/Desktop/loopback-talks/hello-world/node_modules/loopback/node_modules/strong-remoting/node_modules/cors/package.json
78 verbose read json /Users/ritch/Desktop/loopback-talks/hello-world/node_modules/loopback/node_modules/strong-remoting/node_modules/eventemitter2/package.json
79 verbose read json /Users/ritch/Desktop/loopback-talks/hello-world/node_modules/loopback/node_modules/strong-remoting/node_modules/express/package.json
80 verbose read json /Users/ritch/Desktop/loopback-talks/hello-world/node_modules/loopback/node_modules/strong-remoting/node_modules/qs/package.json
81 verbose read json /Users/ritch/Desktop/loopback-talks/hello-world/node_modules/loopback/node_modules/supertest/node_modules/methods/package.json
82 verbose read json /Users/ritch/Desktop/loopback-talks/hello-world/node_modules/loopback/node_modules/supertest/node_modules/superagent/package.json
83 warn package.json growl@1.7.0 No repository field.
84 verbose read json /Users/ritch/Desktop/loopback-talks/hello-world/node_modules/express/node_modules/connect/node_modules/multiparty/node_modules/readable-stream/node_modules/core-util-is/package.json
85 verbose read json /Users/ritch/Desktop/loopback-talks/hello-world/node_modules/express/node_modules/connect/node_modules/multiparty/node_modules/readable-stream/node_modules/debuglog/package.json
86 verbose read json /Users/ritch/Desktop/loopback-talks/hello-world/node_modules/loopback/node_modules/loopback-datasource-juggler/node_modules/async/package.json
87 verbose read json /Users/ritch/Desktop/loopback-talks/hello-world/node_modules/loopback/node_modules/loopback-datasource-juggler/node_modules/blanket/package.json
88 verbose read json /Users/ritch/Desktop/loopback-talks/hello-world/node_modules/loopback/node_modules/loopback-datasource-juggler/node_modules/inflection/package.json
89 verbose read json /Users/ritch/Desktop/loopback-talks/hello-world/node_modules/loopback/node_modules/loopback-datasource-juggler/node_modules/mocha/package.json
90 verbose read json /Users/ritch/Desktop/loopback-talks/hello-world/node_modules/loopback/node_modules/loopback-datasource-juggler/node_modules/semicov/package.json
91 verbose read json /Users/ritch/Desktop/loopback-talks/hello-world/node_modules/loopback/node_modules/loopback-datasource-juggler/node_modules/should/package.json
92 verbose read json /Users/ritch/Desktop/loopback-talks/hello-world/node_modules/loopback/node_modules/loopback-datasource-juggler/node_modules/sl-task-emitter/package.json
93 verbose read json /Users/ritch/Desktop/loopback-talks/hello-world/node_modules/loopback/node_modules/loopback-datasource-juggler/node_modules/traverse/package.json
94 verbose read json /Users/ritch/Desktop/loopback-talks/hello-world/node_modules/loopback/node_modules/blanket/node_modules/xtend/node_modules/is-object/package.json
95 verbose read json /Users/ritch/Desktop/loopback-talks/hello-world/node_modules/loopback/node_modules/blanket/node_modules/xtend/node_modules/object-keys/package.json
96 verbose read json /Users/ritch/Desktop/loopback-talks/hello-world/node_modules/loopback/node_modules/express/node_modules/commander/node_modules/keypress/package.json
97 verbose read json /Users/ritch/Desktop/loopback-talks/hello-world/node_modules/loopback/node_modules/express/node_modules/connect/node_modules/bytes/package.json
98 verbose read json /Users/ritch/Desktop/loopback-talks/hello-world/node_modules/loopback/node_modules/express/node_modules/connect/node_modules/multiparty/package.json
99 verbose read json /Users/ritch/Desktop/loopback-talks/hello-world/node_modules/loopback/node_modules/express/node_modules/connect/node_modules/pause/package.json
100 verbose read json /Users/ritch/Desktop/loopback-talks/hello-world/node_modules/loopback/node_modules/express/node_modules/connect/node_modules/qs/package.json
101 verbose read json /Users/ritch/Desktop/loopback-talks/hello-world/node_modules/loopback/node_modules/express/node_modules/connect/node_modules/uid2/package.json
102 verbose read json /Users/ritch/Desktop/loopback-talks/hello-world/node_modules/loopback/node_modules/express/node_modules/send/node_modules/mime/package.json
103 verbose read json /Users/ritch/Desktop/loopback-talks/hello-world/node_modules/loopback/node_modules/mocha/node_modules/glob/node_modules/graceful-fs/package.json
104 verbose read json /Users/ritch/Desktop/loopback-talks/hello-world/node_modules/loopback/node_modules/mocha/node_modules/glob/node_modules/inherits/package.json
105 verbose read json /Users/ritch/Desktop/loopback-talks/hello-world/node_modules/loopback/node_modules/mocha/node_modules/glob/node_modules/minimatch/package.json
106 verbose read json /Users/ritch/Desktop/loopback-talks/hello-world/node_modules/loopback/node_modules/mocha/node_modules/jade/node_modules/mkdirp/package.json
107 verbose read json /Users/ritch/Desktop/loopback-talks/hello-world/node_modules/loopback/node_modules/nodemailer/node_modules/mailcomposer/node_modules/mime/package.json
108 verbose read json /Users/ritch/Desktop/loopback-talks/hello-world/node_modules/loopback/node_modules/nodemailer/node_modules/mailcomposer/node_modules/mimelib/package.json
109 verbose read json /Users/ritch/Desktop/loopback-talks/hello-world/node_modules/loopback/node_modules/nodemailer/node_modules/simplesmtp/node_modules/rai/package.json
110 verbose read json /Users/ritch/Desktop/loopback-talks/hello-world/node_modules/loopback/node_modules/nodemailer/node_modules/simplesmtp/node_modules/xoauth2/package.json
111 verbose read json /Users/ritch/Desktop/loopback-talks/hello-world/node_modules/loopback/node_modules/strong-remoting/node_modules/express/node_modules/buffer-crc32/package.json
112 verbose read json /Users/ritch/Desktop/loopback-talks/hello-world/node_modules/loopback/node_modules/strong-remoting/node_modules/express/node_modules/commander/package.json
113 verbose read json /Users/ritch/Desktop/loopback-talks/hello-world/node_modules/loopback/node_modules/strong-remoting/node_modules/express/node_modules/connect/package.json
114 verbose read json /Users/ritch/Desktop/loopback-talks/hello-world/node_modules/loopback/node_modules/strong-remoting/node_modules/express/node_modules/cookie/package.json
115 verbose read json /Users/ritch/Desktop/loopback-talks/hello-world/node_modules/loopback/node_modules/strong-remoting/node_modules/express/node_modules/cookie-signature/package.json
116 verbose read json /Users/ritch/Desktop/loopback-talks/hello-world/node_modules/loopback/node_modules/strong-remoting/node_modules/express/node_modules/fresh/package.json
117 verbose read json /Users/ritch/Desktop/loopback-talks/hello-world/node_modules/loopback/node_modules/strong-remoting/node_modules/express/node_modules/methods/package.json
118 verbose read json /Users/ritch/Desktop/loopback-talks/hello-world/node_modules/loopback/node_modules/strong-remoting/node_modules/express/node_modules/mkdirp/package.json
119 verbose read json /Users/ritch/Desktop/loopback-talks/hello-world/node_modules/loopback/node_modules/strong-remoting/node_modules/express/node_modules/range-parser/package.json
120 verbose read json /Users/ritch/Desktop/loopback-talks/hello-world/node_modules/loopback/node_modules/strong-remoting/node_modules/express/node_modules/send/package.json
121 verbose read json /Users/ritch/Desktop/loopback-talks/hello-world/node_modules/loopback/node_modules/supertest/node_modules/superagent/node_modules/cookiejar/package.json
122 verbose read json /Users/ritch/Desktop/loopback-talks/hello-world/node_modules/loopback/node_modules/supertest/node_modules/superagent/node_modules/emitter-component/package.json
123 verbose read json /Users/ritch/Desktop/loopback-talks/hello-world/node_modules/loopback/node_modules/supertest/node_modules/superagent/node_modules/formidable/package.json
124 verbose read json /Users/ritch/Desktop/loopback-talks/hello-world/node_modules/loopback/node_modules/supertest/node_modules/superagent/node_modules/mime/package.json
125 verbose read json /Users/ritch/Desktop/loopback-talks/hello-world/node_modules/loopback/node_modules/supertest/node_modules/superagent/node_modules/qs/package.json
126 warn package.json fresh@0.1.0 No repository field.
127 warn package.json cookiejar@1.3.0 No repository field.
128 warn package.json emitter-component@1.0.0 No repository field.
129 warn package.json send@0.1.0 No repository field.
130 warn package.json formidable@1.0.9 No repository field.
131 verbose read json /Users/ritch/Desktop/loopback-talks/hello-world/node_modules/loopback/node_modules/loopback-datasource-juggler/node_modules/blanket/node_modules/esprima/package.json
132 verbose read json /Users/ritch/Desktop/loopback-talks/hello-world/node_modules/loopback/node_modules/loopback-datasource-juggler/node_modules/blanket/node_modules/falafel/package.json
133 verbose read json /Users/ritch/Desktop/loopback-talks/hello-world/node_modules/loopback/node_modules/loopback-datasource-juggler/node_modules/blanket/node_modules/xtend/package.json
134 verbose read json /Users/ritch/Desktop/loopback-talks/hello-world/node_modules/loopback/node_modules/loopback-datasource-juggler/node_modules/mocha/node_modules/commander/package.json
135 verbose read json /Users/ritch/Desktop/loopback-talks/hello-world/node_modules/loopback/node_modules/loopback-datasource-juggler/node_modules/mocha/node_modules/debug/package.json
136 verbose read json /Users/ritch/Desktop/loopback-talks/hello-world/node_modules/loopback/node_modules/loopback-datasource-juggler/node_modules/mocha/node_modules/diff/package.json
137 verbose read json /Users/ritch/Desktop/loopback-talks/hello-world/node_modules/loopback/node_modules/loopback-datasource-juggler/node_modules/mocha/node_modules/glob/package.json
138 verbose read json /Users/ritch/Desktop/loopback-talks/hello-world/node_modules/loopback/node_modules/loopback-datasource-juggler/node_modules/mocha/node_modules/growl/package.json
139 verbose read json /Users/ritch/Desktop/loopback-talks/hello-world/node_modules/loopback/node_modules/loopback-datasource-juggler/node_modules/mocha/node_modules/jade/package.json
140 verbose read json /Users/ritch/Desktop/loopback-talks/hello-world/node_modules/loopback/node_modules/loopback-datasource-juggler/node_modules/mocha/node_modules/mkdirp/package.json
141 verbose read json /Users/ritch/Desktop/loopback-talks/hello-world/node_modules/loopback/node_modules/loopback-datasource-juggler/node_modules/sl-task-emitter/node_modules/debug/package.json
142 verbose read json /Users/ritch/Desktop/loopback-talks/hello-world/node_modules/loopback/node_modules/blanket/node_modules/xtend/node_modules/object-keys/node_modules/foreach/package.json
143 verbose read json /Users/ritch/Desktop/loopback-talks/hello-world/node_modules/loopback/node_modules/blanket/node_modules/xtend/node_modules/object-keys/node_modules/indexof/package.json
144 verbose read json /Users/ritch/Desktop/loopback-talks/hello-world/node_modules/loopback/node_modules/blanket/node_modules/xtend/node_modules/object-keys/node_modules/is/package.json
145 verbose read json /Users/ritch/Desktop/loopback-talks/hello-world/node_modules/loopback/node_modules/express/node_modules/connect/node_modules/multiparty/node_modules/readable-stream/package.json
146 verbose read json /Users/ritch/Desktop/loopback-talks/hello-world/node_modules/loopback/node_modules/express/node_modules/connect/node_modules/multiparty/node_modules/stream-counter/package.json
147 verbose read json /Users/ritch/Desktop/loopback-talks/hello-world/node_modules/loopback/node_modules/mocha/node_modules/glob/node_modules/minimatch/node_modules/lru-cache/package.json
148 verbose read json /Users/ritch/Desktop/loopback-talks/hello-world/node_modules/loopback/node_modules/mocha/node_modules/glob/node_modules/minimatch/node_modules/sigmund/package.json
149 verbose read json /Users/ritch/Desktop/loopback-talks/hello-world/node_modules/loopback/node_modules/nodemailer/node_modules/mailcomposer/node_modules/mimelib/node_modules/addressparser/package.json
150 verbose read json /Users/ritch/Desktop/loopback-talks/hello-world/node_modules/loopback/node_modules/nodemailer/node_modules/mailcomposer/node_modules/mimelib/node_modules/encoding/package.json
151 verbose read json /Users/ritch/Desktop/loopback-talks/hello-world/node_modules/loopback/node_modules/strong-remoting/node_modules/express/node_modules/connect/node_modules/bytes/package.json
152 verbose read json /Users/ritch/Desktop/loopback-talks/hello-world/node_modules/loopback/node_modules/strong-remoting/node_modules/express/node_modules/connect/node_modules/cookie/package.json
153 verbose read json /Users/ritch/Desktop/loopback-talks/hello-world/node_modules/loopback/node_modules/strong-remoting/node_modules/express/node_modules/connect/node_modules/formidable/package.json
154 verbose read json /Users/ritch/Desktop/loopback-talks/hello-world/node_modules/loopback/node_modules/strong-remoting/node_modules/express/node_modules/connect/node_modules/pause/package.json
155 verbose read json /Users/ritch/Desktop/loopback-talks/hello-world/node_modules/loopback/node_modules/strong-remoting/node_modules/express/node_modules/connect/node_modules/send/package.json
156 verbose read json /Users/ritch/Desktop/loopback-talks/hello-world/node_modules/loopback/node_modules/strong-remoting/node_modules/express/node_modules/send/node_modules/mime/package.json
157 warn package.json indexof@0.0.1 No repository field.
158 warn package.json addressparser@0.1.3 No repository field.
159 verbose read json /Users/ritch/Desktop/loopback-talks/hello-world/node_modules/loopback/node_modules/loopback-datasource-juggler/node_modules/blanket/node_modules/xtend/node_modules/is-object/package.json
160 verbose read json /Users/ritch/Desktop/loopback-talks/hello-world/node_modules/loopback/node_modules/loopback-datasource-juggler/node_modules/blanket/node_modules/xtend/node_modules/object-keys/package.json
161 verbose read json /Users/ritch/Desktop/loopback-talks/hello-world/node_modules/loopback/node_modules/loopback-datasource-juggler/node_modules/mocha/node_modules/jade/node_modules/mkdirp/package.json
162 verbose read json /Users/ritch/Desktop/loopback-talks/hello-world/node_modules/loopback/node_modules/loopback-datasource-juggler/node_modules/mocha/node_modules/glob/node_modules/graceful-fs/package.json
163 verbose read json /Users/ritch/Desktop/loopback-talks/hello-world/node_modules/loopback/node_modules/loopback-datasource-juggler/node_modules/mocha/node_modules/glob/node_modules/inherits/package.json
164 verbose read json /Users/ritch/Desktop/loopback-talks/hello-world/node_modules/loopback/node_modules/loopback-datasource-juggler/node_modules/mocha/node_modules/glob/node_modules/minimatch/package.json
165 verbose read json /Users/ritch/Desktop/loopback-talks/hello-world/node_modules/loopback/node_modules/nodemailer/node_modules/mailcomposer/node_modules/mimelib/node_modules/encoding/node_modules/iconv-lite/package.json
166 verbose read json /Users/ritch/Desktop/loopback-talks/hello-world/node_modules/loopback/node_modules/strong-remoting/node_modules/express/node_modules/connect/node_modules/send/node_modules/mime/package.json
167 verbose read json /Users/ritch/Desktop/loopback-talks/hello-world/node_modules/loopback/node_modules/loopback-datasource-juggler/node_modules/blanket/node_modules/xtend/node_modules/object-keys/node_modules/foreach/package.json
168 verbose read json /Users/ritch/Desktop/loopback-talks/hello-world/node_modules/loopback/node_modules/loopback-datasource-juggler/node_modules/blanket/node_modules/xtend/node_modules/object-keys/node_modules/indexof/package.json
169 verbose read json /Users/ritch/Desktop/loopback-talks/hello-world/node_modules/loopback/node_modules/loopback-datasource-juggler/node_modules/blanket/node_modules/xtend/node_modules/object-keys/node_modules/is/package.json
170 verbose read json /Users/ritch/Desktop/loopback-talks/hello-world/node_modules/loopback/node_modules/loopback-datasource-juggler/node_modules/mocha/node_modules/glob/node_modules/minimatch/node_modules/lru-cache/package.json
171 verbose read json /Users/ritch/Desktop/loopback-talks/hello-world/node_modules/loopback/node_modules/loopback-datasource-juggler/node_modules/mocha/node_modules/glob/node_modules/minimatch/node_modules/sigmund/package.json
172 verbose readInstalled returning loopback@1.0.0
173 verbose readInstalled returning express@3.4.1
174 verbose readInstalled returning debug@0.7.2
175 verbose readInstalled returning express@3.4.0
176 verbose readInstalled returning loopback-datasource-juggler@1.0.0
177 verbose readInstalled returning strong-remoting@1.0.0
178 verbose readInstalled returning inflection@1.2.6
179 verbose readInstalled returning passport@0.1.17
180 verbose readInstalled returning passport-local@0.1.6
181 verbose readInstalled returning nodemailer@0.4.4
182 verbose readInstalled returning ejs@0.8.4
183 verbose readInstalled returning bcryptjs@0.7.10
184 warn unmet dependency /Users/ritch/Desktop/loopback-talks/hello-world/node_modules/loopback/node_modules/sl-task-emitter requires debug@'latest' but will load
184 warn unmet dependency /Users/ritch/Desktop/loopback-talks/hello-world/node_modules/loopback/node_modules/debug,
184 warn unmet dependency which is version 0.7.2
185 verbose readInstalled returning sl-task-emitter@0.0.3
186 warn unmet dependency /Users/ritch/Desktop/loopback-talks/hello-world/node_modules/loopback/node_modules/strong-task-emitter requires debug@'latest' but will load
186 warn unmet dependency /Users/ritch/Desktop/loopback-talks/hello-world/node_modules/loopback/node_modules/debug,
186 warn unmet dependency which is version 0.7.2
187 verbose readInstalled returning strong-task-emitter@0.0.4
188 verbose readInstalled returning bcrypt@0.7.6
189 verbose readInstalled returning supertest@0.7.1
190 verbose readInstalled returning blanket@1.1.5
191 verbose readInstalled returning mocha@1.12.1
192 verbose readInstalled returning connect@2.9.0
193 verbose readInstalled returning commander@1.2.0
194 verbose readInstalled returning range-parser@0.0.4
195 verbose readInstalled returning mkdirp@0.3.5
196 verbose readInstalled returning cookie@0.1.0
197 verbose readInstalled returning buffer-crc32@0.2.1
198 verbose readInstalled returning fresh@0.2.0
199 verbose readInstalled returning methods@0.0.1
200 verbose readInstalled returning send@0.1.4
201 verbose readInstalled returning cookie-signature@1.0.1
202 verbose readInstalled returning qs@0.6.5
203 verbose readInstalled returning bytes@0.2.0
204 verbose readInstalled returning pause@0.0.1
205 verbose readInstalled returning uid2@0.0.2
206 verbose readInstalled returning multiparty@2.1.8
207 verbose readInstalled returning mime@1.2.11
208 verbose readInstalled returning readable-stream@1.0.17
209 verbose readInstalled returning stream-counter@0.1.0
210 verbose readInstalled returning keypress@0.1.0
211 verbose readInstalled returning async@0.2.9
212 verbose readInstalled returning inflection@1.2.6
213 verbose readInstalled returning traverse@0.6.6
214 verbose readInstalled returning semicov@0.1.1-1
215 verbose readInstalled returning should@1.2.2
216 verbose readInstalled returning sl-task-emitter@0.0.3
217 verbose readInstalled returning blanket@1.1.5
218 verbose readInstalled returning mocha@1.12.1
219 verbose readInstalled returning debug@0.7.2
220 verbose readInstalled returning esprima@1.0.4
221 verbose readInstalled returning falafel@0.1.6
222 verbose readInstalled returning xtend@2.0.6
223 verbose readInstalled returning is-object@0.1.2
224 verbose readInstalled returning object-keys@0.2.0
225 verbose readInstalled returning foreach@2.0.4
226 verbose readInstalled returning indexof@0.0.1
227 verbose readInstalled returning is@0.2.6
228 verbose readInstalled returning commander@0.6.1
229 verbose readInstalled returning growl@1.7.0
230 verbose readInstalled returning jade@0.26.3
231 verbose readInstalled returning diff@1.0.2
232 verbose readInstalled returning debug@0.7.2
233 verbose readInstalled returning mkdirp@0.3.5
234 verbose readInstalled returning glob@3.2.1
235 verbose readInstalled returning mkdirp@0.3.0
236 verbose readInstalled returning minimatch@0.2.12
237 verbose readInstalled returning graceful-fs@1.2.3
238 verbose readInstalled returning inherits@1.0.0
239 verbose readInstalled returning lru-cache@2.3.1
240 verbose readInstalled returning sigmund@1.0.0
241 verbose readInstalled returning express@3.2.6
242 verbose readInstalled returning eventemitter2@0.4.13
243 verbose readInstalled returning qs@0.6.5
244 verbose readInstalled returning cors@1.0.1
245 verbose readInstalled returning connect@2.7.11
246 verbose readInstalled returning commander@0.6.1
247 verbose readInstalled returning range-parser@0.0.4
248 verbose readInstalled returning mkdirp@0.3.4
249 verbose readInstalled returning cookie@0.1.0
250 verbose readInstalled returning buffer-crc32@0.2.1
251 verbose readInstalled returning fresh@0.1.0
252 verbose readInstalled returning methods@0.0.1
253 verbose readInstalled returning send@0.1.0
254 verbose readInstalled returning cookie-signature@1.0.1
255 verbose readInstalled returning formidable@1.0.14
256 verbose readInstalled returning cookie@0.0.5
257 verbose readInstalled returning send@0.1.1
258 verbose readInstalled returning bytes@0.2.0
259 verbose readInstalled returning pause@0.0.1
260 verbose readInstalled returning mime@1.2.11
261 verbose readInstalled returning mime@1.2.6
262 verbose readInstalled returning pkginfo@0.2.3
263 verbose readInstalled returning pause@0.0.1
264 verbose readInstalled returning pkginfo@0.2.3
265 verbose readInstalled returning mailcomposer@0.1.34
266 verbose readInstalled returning simplesmtp@0.3.4
267 verbose readInstalled returning mimelib@0.2.12
268 verbose readInstalled returning mime@1.2.9
269 verbose readInstalled returning encoding@0.1.6
270 verbose readInstalled returning addressparser@0.1.3
271 verbose readInstalled returning iconv-lite@0.2.7
272 verbose readInstalled returning rai@0.1.7
273 verbose readInstalled returning xoauth2@0.1.8
274 verbose readInstalled returning bindings@1.0.0
275 verbose readInstalled returning superagent@0.15.1
276 verbose readInstalled returning methods@0.0.1
277 verbose readInstalled returning qs@0.6.5
278 verbose readInstalled returning formidable@1.0.9
279 verbose readInstalled returning mime@1.2.5
280 verbose readInstalled returning emitter-component@1.0.0
281 verbose readInstalled returning cookiejar@1.3.0
282 verbose readInstalled returning esprima@1.0.4
283 verbose readInstalled returning falafel@0.1.6
284 verbose readInstalled returning xtend@2.0.6
285 verbose readInstalled returning is-object@0.1.2
286 verbose readInstalled returning object-keys@0.2.0
287 verbose readInstalled returning foreach@2.0.4
288 verbose readInstalled returning indexof@0.0.1
289 verbose readInstalled returning is@0.2.6
290 verbose readInstalled returning commander@0.6.1
291 verbose readInstalled returning growl@1.7.0
292 verbose readInstalled returning jade@0.26.3
293 verbose readInstalled returning diff@1.0.2
294 verbose readInstalled returning mkdirp@0.3.5
295 verbose readInstalled returning glob@3.2.1
296 verbose readInstalled returning mkdirp@0.3.0
297 verbose readInstalled returning minimatch@0.2.12
298 verbose readInstalled returning graceful-fs@1.2.3
299 verbose readInstalled returning inherits@1.0.0
300 verbose readInstalled returning lru-cache@2.3.1
301 verbose readInstalled returning sigmund@1.0.0
302 verbose readInstalled returning connect@2.9.1
303 verbose readInstalled returning commander@2.0.0
304 verbose readInstalled returning range-parser@0.0.4
305 verbose readInstalled returning mkdirp@0.3.5
306 verbose readInstalled returning cookie@0.1.0
307 verbose readInstalled returning buffer-crc32@0.2.1
308 verbose readInstalled returning fresh@0.2.0
309 verbose readInstalled returning methods@0.0.1
310 verbose readInstalled returning send@0.1.4
311 verbose readInstalled returning cookie-signature@1.0.1
312 verbose readInstalled returning debug@0.7.2
313 verbose readInstalled returning qs@0.6.5
314 verbose readInstalled returning bytes@0.2.0
315 verbose readInstalled returning pause@0.0.1
316 verbose readInstalled returning uid2@0.0.2
317 verbose readInstalled returning multiparty@2.2.0
318 verbose readInstalled returning mime@1.2.11
319 verbose readInstalled returning readable-stream@1.1.9
320 verbose readInstalled returning stream-counter@0.2.0
321 verbose readInstalled returning core-util-is@1.0.0
322 verbose readInstalled returning debuglog@0.0.2
323 verbose readInstalled returning hello-world@0.0.0
324 error Error: Problems were encountered
324 error Please correct and try again.
324 error invalid: debug@0.7.2 /Users/ritch/Desktop/loopback-talks/hello-world/node_modules/loopback/node_modules/debug
324 error extraneous: semicov@0.1.1-1 /Users/ritch/Desktop/loopback-talks/hello-world/node_modules/loopback/node_modules/loopback-datasource-juggler/node_modules/semicov
324 error extraneous: sl-task-emitter@0.0.3 /Users/ritch/Desktop/loopback-talks/hello-world/node_modules/loopback/node_modules/loopback-datasource-juggler/node_modules/sl-task-emitter
324 error extraneous: sl-task-emitter@0.0.3 /Users/ritch/Desktop/loopback-talks/hello-world/node_modules/loopback/node_modules/sl-task-emitter
324 error extraneous: bcrypt@0.7.6 /Users/ritch/Desktop/loopback-talks/hello-world/node_modules/loopback/node_modules/bcrypt
324 error extraneous: express@3.4.1 /Users/ritch/Desktop/loopback-talks/hello-world/node_modules/express
324 error     at shrinkwrap_ (/Users/ritch/.nvm/v0.10.9/lib/node_modules/npm/lib/shrinkwrap.js:29:15)
324 error     at /Users/ritch/.nvm/v0.10.9/lib/node_modules/npm/lib/shrinkwrap.js:23:5
324 error     at /Users/ritch/.nvm/v0.10.9/lib/node_modules/npm/lib/ls.js:40:30
324 error     at /Users/ritch/.nvm/v0.10.9/lib/node_modules/npm/node_modules/read-installed/read-installed.js:118:5
324 error     at /Users/ritch/.nvm/v0.10.9/lib/node_modules/npm/node_modules/read-installed/read-installed.js:232:14
324 error     at cb (/Users/ritch/.nvm/v0.10.9/lib/node_modules/npm/node_modules/slide/lib/async-map.js:48:11)
324 error     at /Users/ritch/.nvm/v0.10.9/lib/node_modules/npm/node_modules/read-installed/read-installed.js:232:14
324 error     at cb (/Users/ritch/.nvm/v0.10.9/lib/node_modules/npm/node_modules/slide/lib/async-map.js:48:11)
324 error     at /Users/ritch/.nvm/v0.10.9/lib/node_modules/npm/node_modules/read-installed/read-installed.js:232:14
324 error     at cb (/Users/ritch/.nvm/v0.10.9/lib/node_modules/npm/node_modules/slide/lib/async-map.js:48:11)
325 error If you need help, you may report this log at:
325 error     <http://github.com/isaacs/npm/issues>
325 error or email it to:
325 error     <npm-@googlegroups.com>
326 error System Darwin 12.3.0
327 error command "/Users/ritch/.nvm/v0.10.9/bin/node" "/Users/ritch/.nvm/v0.10.9/bin/npm" "shrinkwrap"
328 error cwd /Users/ritch/Desktop/loopback-talks/hello-world
329 error node -v v0.10.9
330 error npm -v 1.2.24
331 verbose exit [ 1, true ]
